<?xml version="1.0" encoding="UTF-8"?>
<!-- Generated by org.testng.reporters.JUnitReportReporter -->
<testsuite hostname="LAPTOP-CR0TLABH" failures="0" tests="1" name="testClassPackage.Post_TC_2" time="1.306" errors="0" timestamp="2023-06-07T11:25:14 IST" skipped="0">
  <testcase classname="testClassPackage.Post_TC_2" name="execute" time="1.306"/>
  <system-out/>
</testsuite> <!-- testClassPackage.Post_TC_2 -->
